<?xml version="1.0" encoding="UTF-8"?>
<testng-results ignored="0" total="1" passed="1" failed="0" skipped="0">
  <reporter-output>
  </reporter-output>
  <suite started-at="2024-09-16T15:38:07 IST" name="Default suite" finished-at="2024-09-16T15:38:28 IST" duration-ms="21029">
    <groups>
    </groups>
    <test started-at="2024-09-16T15:38:07 IST" name="Default test" finished-at="2024-09-16T15:38:28 IST" duration-ms="21029">
      <class name="nativeApp.ApiDemo">
        <test-method is-config="true" signature="bt()[pri:0, instance:nativeApp.ApiDemo@f1da57d]" started-at="2024-09-16T15:38:07 IST" name="bt" finished-at="2024-09-16T15:38:23 IST" duration-ms="16106" status="PASS">
          <reporter-output>
          </reporter-output>
        </test-method> <!-- bt -->
        <test-method signature="tc()[pri:0, instance:nativeApp.ApiDemo@f1da57d]" started-at="2024-09-16T15:38:23 IST" name="tc" finished-at="2024-09-16T15:38:28 IST" duration-ms="4778" status="PASS">
          <reporter-output>
          </reporter-output>
        </test-method> <!-- tc -->
      </class> <!-- nativeApp.ApiDemo -->
    </test> <!-- Default test -->
  </suite> <!-- Default suite -->
</testng-results>
